t | t-1 | t+1

1 1717 23
4 940 6792
5 2457 3762
7 4690 1455
9 5364 1479
13 1282 6485
14 1975 5753
17 1961 5816
21 6016
23 1 6962
33 1269 4113
34 6397 6197
35 804 3042
38 1349 1681
40 5907 5551
41 6976 3593
42 3259 7262
44 1784 4075
45 2268 2687
47 2599 6928
51 91 2264
52 7043 1270
56 3987 5702
57 3045
61 1344 2136
64 3458 3143
67 79
69 4047 2235
71 5497
72 1459 3154
79 6438 67
80 6241 4957
87 4057 4561
88 4497 2321
90 4110
91 514 51
93 591 4810
97 1420 220
101 6220
104 7445 3484
105 972 5750
106 2625 3058
111 3991 935
115 2354 5611
123 5756 968
124 2245 3156
128 1802 3428
129 4601 3911
133 5862 2676
135 2818 3902
137 2809 1818
138 1896 762
141 6309 6327
143 1527 2645
148 2936 3815
149 5654 6361
150 3626 3619
155 2779 3525
158 6580 5204
159 2635 4858
160 3499 5238
161 3301
166 724 3994
167 811
169 3004 4909
174 6553 6563
179 6476 1171
180 1231 4507
182 2511 5821
186 1438 3124
187 7253 3777
188 343
192 1565 5164
194 5450 3109
195 3054 7199
197 684 6263
200 221 2114
202 1715 1408
203 4140 6280
204 5101 4917
205 438 5373
206 3028 5836
207 4534 5878
210 2611 1769
211 614 4953
214 4749 2288
218 5909 6047
219 5339 3936
220 97 794
221 1792 200
224 4768 3748
225 2241 3767
227 2750
229 6636 2749
230 5363 2188
231 5143 5725
234 2446 5505
235 4599 6836
237 5859 5158
238 4702 1906
247 3631 7187
248 7015 4993
253 2922 1671
255 3431 1810
256 6072 6610
261 358 4767
265 5536
269 6982
270 1658 5827
273 3544 1050
276 3960 1708
278 5477 3798
280 6875 1285
281 630 4319
286 5203 1916
292 1696 1760
295 501
296 2381 4286
297 7204 1398
307 6962 4041
308 1466 4567
313 781 3049
314 3405 430
316 5119 3744
319 2021 4891
322 2396 7113
325 2388 2923
329 1263 4173
330 5959
338 3625 6129
340 430 4942
343 3006 188
344 2992 7379
347 5244 6771
348 6642 3725
349 6681 2259
350 3652 4156
351 6063 4742
357 3781 5260
358 2970 261
360 2883 803
361 4610 5125
362 1733
363 7239 1264
366 5511 5965
367 4641 896
371 6904
372 4048 4161
374 3091 2436
375 4933
376 1094 7240
379 6693 3422
396 5219 6061
400 6463 3865
410 4525 447
411 3729
414 5445
417 1250 5769
418 6620 4044
425 1860 441
429 4578 3194
430 314 340
431 6200 1110
433 6248
434 6104 4394
438 7298 205
439 5499 3234
440 5375 4256
441 425 5367
446 6406 2585
447 410
448 3050 4692
452 7391 4697
454 3873 5859
461 5533 5035
470 3436 573
474 5679 5862
475 7353 5623
479 480 4548
480 4852 479
481 1824 1762
486 2546
489 1675 3276
494 2925
499 5699 7115
500 4631 3508
501 295 4058
503 6524 4612
504 2120 3926
506 7415 5712
508 6841
511 6490 1559
512 2720 1524
514 91
516 1499 853
519 3633 2357
521 7157 2625
523 3414 1482
524 5334 6999
525 5726 4416
526 6510
527 2847 6853
529 3115 3014
533 3318 4864
537 6243 3532
538 3612 6893
539 1883 6408
544 5035 759
547 3383 3413
548 2112 1123
549 2705 6199
550 6178 7335
555 4314 635
556 4115 6259
558 5260 4010
562 4473 1414
564 7395 2728
565 7113 7127
568 5197 2220
569 3129 4649
572 4715 2314
573 470 5940
574 606 3773
576 4317 2779
580 689 7054
582 1688 3505
583 3027
585 3619 1918
586 6084
589 6633 5322
590 6163 6833
591 2433 93
593 607 4453
600 745 4214
601 3347 3136
602 3597 5169
603 3234 3882
605 1686 4069
606 5976 574
607 968 593
609 5529 3075
610 2298 4680
611 3916 2833
613 1050
614 6597 211
628 3409 2012
630 899 281
631 1072 890
635 555 1537
637 5392 1947
644 6274
648 5821 4034
649 3796 1369
650 2556 5656
652 1671 6004
653 2659 1641
654 1798 5502
655 4867
658 3419 7279
659 2901 3222
665 2482 5767
681 1362 1642
683 1148 2702
684 6033 197
687 1641 5726
688 5730 5173
689 4167 580
690 2882 7332
691 6879
693 5020
699 6829 6481
700 1546 4089
702 5113 7252
705 5060 4088
707 7173 5678
708 4137
711 5470 2430
715 2768
722 3106 6229
723 6668 3754
724 2907 166
725 5952 1565
736 2153 5157
739 7234 5874
745 2387 600
748 2248 4863
749 6991 962
756 5652 3568
758 3994 6883
759 544 3908
762 138 6081
767 3496 4898
769 7080 2457
773 3750 2025
778 1560 4711
779 7322 5292
781 3123 313
786 5941 6890
787 5849 6923
792 4131 2661
794 220 6323
798 6314 7210
803 360 4068
804 3302 35
806 4931 3082
807 4705 2828
811 2279 167
813 6323 2466
814 4707 2212
819 3568 2847
820 1004 1109
828 1400 2162
829 3089 3191
830 5517 7334
831 5729 4822
832 6459
834 2055 2244
835 4535 5225
836 929 3023
839 3789 2518
843 7014 6595
844 7198
845 7400
847 1139 7183
850 3214 3187
853 516 3340
854 2432 3351
855 4436 4872
857 980 3378
866 2191 3218
871 6080 3361
872 1756 3431
873 2166 2717
877 1398 1442
878 7133 6586
879 7345 5413
881 6884 1719
888 5614 1364
890 631
891 1894 4538
893 7078 6505
896 367 2668
897 3136 7453
899 5015 630
904 6437 3305
906 5211 5719
908 5792 2032
913 3510 2227
915 7280 6734
916 6643 6533
919 3017 2388
922 6866 7299
925 3387 7452
929 6702 836
931 6190 1334
932 2717
933 4936 6207
935 111 1082
938 5642 1296
939 7292 4792
940 3450 4
942 4859 3323
949 5313
955 2288 1112
958 6333 1179
959 3603 2157
960 4354 5047
962 749 3697
968 123 607
969 3399 5359
970 2473 5634
972 1310 105
974 4329 3916
980 5023 857
984 5181
986 2841
988 2434 5080
989 2148 6455
990 4015
993 3815 2363
994 6831 5730
997 3261 5850
1000 2009 5723
1004 4365 820
1006 6028 2562
1009 4123 3742
1014 6357 1259
1015 2161 4098
1019 7072 5699
1021 6123 1330
1023 3285 3832
1024 1493 5832
1026 5673 5450
1028 4078 3392
1030 7058 4908
1032 6421
1034 3734 3510
1043 6003 3690
1047 4623 2190
1048 5398 2637
1050 273 613
1053 6331 6626
1056 6939 1117
1059 2733
1063 4573 4284
1065 4312
1066 5292 2429
1067 4489 1905
1069 4362
1071 1840 3304
1072 5400 631
1073 3593 2208
1075 1255 4480
1077 3197 2399
1080 2576 2587
1082 935 5748
1083 3131 6003
1085 1775 5420
1093 3154 4013
1094 3300 376
1102 7440 2818
1103 7317 2104
1109 820 3354
1110 431 1968
1112 955
1115 5638
1117 1056 2561
1118 4806 1813
1120 1573 1560
1122 1901 3672
1123 548 2497
1128 3865 3345
1131 2356 7164
1133 4556 3129
1136 2086 7353
1139 4668 847
1140 6263 6960
1143 4792 1658
1145 2991 4383
1148 6762 683
1152 2458 1257
1154 4738 1569
1157 3501 3698
1158 5557 2397
1159 1510 6418
1162 7026 1718
1165 6079 1556
1167 2715 3402
1168 4382 3157
1171 179 3963
1172 6590 1435
1176 6930 1768
1177 1920 4706
1179 958 5669
1181 6699 3842
1185 3374 2406
1186 6212 4522
1188 4291 5070
1194 3322 4914
1197 1809 5424
1201 6834 7050
1202 2066 2835
1209 1690 1891
1210 1653
1212 1285 3693
1216 3878 1863
1218 6696 4490
1219 1561 5701
1222 3779 3407
1229 5872 5503
1230 4985
1231 6304 180
1232 6054 5668
1236 6792 6340
1239 4437 3090
1245 6849 4402
1250 3218 417
1251 4914 2458
1255 4042 1075
1257 1152 1934
1258 2244 5550
1259 1014 1567
1263 2420 329
1264 363 6241
1269 4089 33
1270 52 4770
1275 5325 1542
1278 3493 2070
1281 1485 5282
1282 13
1283 4446 2842
1285 280 1212
1286 4291
1295 4692 2531
1296 938 7415
1298 3680 1975
1301 2632 4614
1302 3795 1492
1304 6964 6482
1305 3275 4083
1310 6912 972
1311 2435 3494
1312 5252 4005
1315 3895 4380
1316 6918 7276
1318 5405 6633
1320 3173 6631
1321 6239
1325 1698 6019
1326 1973 4504
1329 3365 6636
1330 1021 5312
1331 4956
1334 931 5985
1335 1944 3590
1336 4953 3677
1342 4502 6321
1344 61
1345 2391 5471
1346 5739 6465
1349 6295 38
1352 1511 6906
1353 4465 1635
1356 6614 2229
1359 2814 5786
1361 3853
1362 3773 681
1363 5725 4220
1364 888 2482
1369 649 4841
1372 5669 4483
1373 3212 6264
1375 2675 1395
1380 4164 4188
1385 1399 6104
1386 1927
1387 5028 2722
1388 2848 2748
1390 2472 6419
1395 1375 5883
1398 297 877
1399 5047 1385
1400 2430 828
1401 3743 3612
1402 4097 2125
1403 3143
1407 3554 7289
1408 202 1871
1410 4406 2674
1414 562 3173
1415 2462 6866
1420 5215 97
1424 5316 7056
1425 4870 6378
1427 3748 4638
1430 5412
1435 1172 6989
1436 5117 4607
1437 6596 2329
1438 3172 186
1440 3953 6620
1442 877 6593
1446 2552 5214
1447 1490 6461
1450 4693
1453 2394 5772
1455 7 3626
1459 5874 72
1461 7042 6791
1463 5167 3601
1466 6148 308
1479 9 5562
1480 3630 6874
1481 6928
1482 523 4199
1484 5815
1485 4041 1281
1490 1956 1447
1491 3151 1510
1492 1302 3988
1493 6824 1024
1498 5503 3479
1499 3253 516
1501 6626 6343
1507 4718
1510 1491 1159
1511 4407 1352
1515 3767 7226
1517 1863 5297
1518 3036 3362
1522 3409
1524 512 3814
1527 1684 143
1528 4105 5739
1534 7443 1803
1536 7247 5923
1537 635 6747
1541 5099 3176
1542 1275 7038
1546 7279 700
1550 6129 3951
1556 1165 5758
1559 511 6824
1560 1120 778
1561 4005 1219
1565 725 192
1567 1259 4008
1569 1154 4995
1573 5090 1120
1576 4275
1577 4132 6491
1581 3348
1583 5145 2815
1587 1995 6901
1588 2630 4335
1598 5655 2343
1602 4770 5166
1605 2728 3099
1607 6254 6757
1610 5982 7067
1612 5748 3813
1613 4726 2891
1614 1939
1617 6343 5068
1620 5850 5960
1623 3532 5290
1628 5355
1634 6625 5927
1635 1353 6701
1637 4784
1641 653 687
1642 681 4167
1643 5386 5546
1653 4380 1210
1658 1143 270
1660 2521 2844
1671 253 652
1675 5068 489
1681 38 4029
1684 3977 1527
1685 2331
1686 1744 605
1687 4245 3013
1688 5272 582
1690 5858 1209
1696 7276 292
1698 6880 1325
1701 3958 4259
1703 3817 2862
1705 1893 2173
1708 276 6080
1710 5379 2234
1711 4530
1715 2835 202
1717 5582 1
1718 1162 4300
1719 881 3689
1726 2011 2814
1727 7229 6651
1730 6384 3427
1732 2602 7450
1733 362 2746
1734 3983 3625
1738 3963 6313
1739 2374
1744 5238 1686
1745 6106 5074
1749 7450 2100
1750 7056 4534
1751 4596
1752 2628 6331
1755 7240 2991
1756 3754 872
1757 1826 2090
1759 6513 2328
1760 292 5353
1761 5393 3077
1762 481 5882
1766 4561
1768 1176 6270
1769 210 4845
1770 5011
1774 6604 6023
1775 1085
1784 4133 44
1786 5619 2420
1787 3027 7098
1789 3590 2358
1791 4671 6545
1792 3264 221
1793 4448 6691
1798 7127 654
1799 4144
1802 1869 128
1803 1534 2576
1807 2284 3630
1808 5299 3453
1809 3724 1197
1810 255 3714
1812 3813 4992
1813 1118 5922
1816 6335 3846
1818 137 5153
1824 7168 481
1826 3327 1757
1840 3107 1071
1845 7035 6336
1847 2950 3036
1851 2286 2977
1857 2965 5734
1859 3923 3338
1860 6199 425
1863 1216 1517
1868 4948 2153
1869 6803 1802
1871 1408 7455
1874 6766 6642
1875 3702 6551
1876 3976 6290
1879 7321 3028
1881 4415 5582
1883 3328 539
1884 5284 5113
1885 4530 6782
1887 4974 3432
1891 1209 7314
1892 4746 6165
1893 5728 1705
1894 5020 891
1895 4923
1896 6567 138
1898 2392
1899 2055
1900 6977 6930
1901 4681 1122
1903 6688 2855
1904 4036
1905 1067 2528
1906 238 5396
1909 2082 7026
1912 2524
1913 6414 4641
1914 6826 3976
1916 286 2435
1918 585 4382
1920 3678 1177
1927 3504 1386
1930 2998 4840
1934 1257 3655
1936 5081 7083
1939 1614
1940 7289 3544
1943 3535 3629
1944 6259 1335
1945 6771 4187
1947 637 2667
1948 2494 4292
1950 3868 3108
1952 6999 5081
1954 7011 5892
1956 6616 1490
1959 2748
1961 2363 17
1965 5667 4141
1967 5963 4673
1968 1110 6688
1973 2679 1326
1975 1298 14
1978 5827 5926
1979 6508
1987 3861 4358
1990 3936 3845
1995 3707 1587
1999 2050 2615
2009 5432 1000
2011 2977 1726
2012 628 3605
2019 4695 2411
2021 7038 319
2025 773 3530
2031 3918 4676
2032 908 6112
2033 6056 6022
2037 3553 6693
2038 3886 2631
2039 5863
2050 3219 1999
2055 1899 834
2056 3751
2066 7086 1202
2069 2343 5252
2070 1278 3935
2075 4773 5584
2076 2531 4074
2082 5900 1909
2083 3477 6248
2085 2187 4392
2086 2385 1136
2089 3449 6227
2090 1757 6099
2092 2816 7366
2094 3250 5338
2097 2427 3273
2100 1749 2669
2104 1103 7268
2107 2841
2112 4551 548
2113 6482 4329
2114 200 5263
2115 6267 4956
2119 5398
2120 3411 504
2121 4456 3217
2125 1402
2135 5162 4934
2136 61 3405
2146 3918
2148 5875 989
2153 1868 736
2154 6217 6252
2157 959 5791
2161 3323 1015
2162 828 7417
2163 2532 3165
2165 5638 6529
2166 6855 873
2170 7456 2744
2173 1705 5855
2177 7200 7011
2184 6793 3985
2186 4416 3940
2187 3609 2085
2188 230 4705
2190 1047 6279
2191 6197 866
2192 6311 3789
2195 5420 4276
2196 4168 3076
2198 5527
2202 3305 6524
2203 5611 6976
2204 3446
2205 4614 2333
2208 1073 4050
2209 5056
2210 5693 2535
2212 814 4533
2216 5198 3310
2217 6428 3363
2219 3719
2220 568 4465
2222 3446 2736
2224 6729 2319
2227 913 3115
2228 7061
2229 1356 6386
2231 5118 5509
2234 1710 6050
2235 69 4937
2238 5302
2240 4019
2241 5384 225
2242 6790 6456
2244 834 1258
2245 7255 124
2248 2760 748
2255 2827 6560
2257 6163
2259 349 7152
2262 3659 3116
2264 51
2266 6623 5213
2268 3209 45
2269 4176 4446
2270 4262 6526
2273 5397 7090
2279 4998 811
2280 2836
2284 6377 1807
2286 1851
2288 214 955
2292 4124 5642
2296 5964 6479
2297 5758 3757
2298 5328 610
2301 4088 2939
2307 5878 2715
2308 3775
2309 3282 4359
2311 6743 6616
2314 572 6637
2319 2224 4255
2321 88 2660
2323 2453 3523
2328 1759 3151
2329 1437 2675
2331 1685 4479
2333 2205 3785
2335 2352 6237
2337 3276
2338 5623 5201
2343 1598 2069
2344 5182 2848
2349 4621 6295
2352 3638 2335
2353 6405 5727
2354 5989 115
2356 3679 1131
2357 519 6942
2358 1789 3761
2359 4763 5586
2363 993 1961
2364 3638
2370 2804 4547
2374 1739 3817
2376 4868
2377 4477 2803
2381 7020 296
2385 5892 2086
2387 5986 745
2388 919 325
2390 2855 3261
2391 6473 1345
2392 1898
2394 4767 1453
2396 2759 322
2397 1158 2552
2399 1077 5386
2400 7045 4882
2404 7177 4551
2406 1185 4023
2411 2019 6406
2417 4354
2418 4426 2745
2419 2934
2420 1786 1263
2425 6794
2426 3673 2936
2427 6108 2097
2428 3062
2429 1066 3174
2430 711 1400
2432 6874 854
2433 591
2434 3627 988
2435 1916 1311
2436 374 6544
2446 5634 234
2448 3462 6961
2453 3198 2323
2457 769 5
2458 1251 1152
2462 5156 1415
2463 3076 5907
2464 5521 6119
2466 813 5506
2467 3654 3522
2469 6931 5655
2470 6134 7306
2472 6363 1390
2473 3203 970
2474 7071 6948
2475 6289 3125
2482 1364 665
2483 3794 6738
2491 2776 7173
2494 7324 1948
2497 1123 4164
2499 4429 5197
2506 7083 7030
2511 7037 182
2518 839 4951
2521 2603 1660
2524 1912 7321
2528 1905
2531 1295 2076
2532 4995 2163
2535 2210
2537 5263
2544 3941 5266
2546 4098 486
2552 2397 1446
2556 4649 650
2561 1117 3458
2562 1006 2602
2564 6185 4918
2576 1803 1080
2577 7146 5256
2585 446
2587 1080 4264
2589 5224
2593 4050 6131
2598 5949
2599 4742 47
2602 2562 1732
2603 5141 2521
2611 6271 210
2615 1999 5948
2619 4000 4460
2622 3139 5620
2623 4296 3212
2625 521 106
2628 1752
2630 6887 1588
2631 2038 3715
2632 4029 1301
2635 4156 159
2636 5267 5673
2637 1048 3941
2642 3714 4448
2645 143 6267
2650 4359 6428
2654 6352
2656 4284 5141
2659 653
2660 2321 5224
2661 792 6643
2664 7245 4498
2665 7348
2667 1947
2668 896 3597
2669 2100 2810
2674 1410 4735
2675 2329 1375
2676 133 5042
2679 3968 1973
2681 5544
2684 3893
2687 45 3796
2688 3508 4560
2690 3367 6997
2692 5312 4753
2694 5984
2698 4344 6490
2702 683 6385
2703 5353 5370
2705 5591 549
2712 5572 5751
2714 3720 6134
2715 2307 1167
2717 873 932
2720 6906 512
2721 6649 4388
2722 1387 3007
2728 564 1605
2733 3567 1059
2736 2222 4628
2744 2170 5581
2745 2418 7280
2746 1733 5560
2748 1388 1959
2749 229 6484
2750 227
2752 4214 6063
2753 4032 4137
2759 5205 2396
2760 7098 2248
2768 7141 715
2772 3099 5933
2776 6890 2491
2778 7236 6991
2779 576 155
2802 5506 3861
2803 2377 7429
2804 6811 2370
2809 4557 137
2810 2669 4072
2812 3310 3779
2814 1726 1359
2815 1583
2816 2092
2818 1102 135
2819 5615
2821 7236
2823 6402 5457
2827 2255
2828 807 3794
2833 611 5101
2835 1202 1715
2836 2280 4893
2840 6714 4714
2841 986 2107
2842 1283 6776
2844 1660 3366
2847 819 527
2848 2344 1388
2855 1903 2390
2862 1703 2941
2863 5584 5818
2865 5684 6346
2866 6836 3181
2867 5473 5316
2874 6145 3657
2877 5662 5219
2882 5678 690
2883 6042 360
2885 2914 4647
2891 1613 5363
2897 4014
2900 6516
2901 4081 659
2907 7306 724
2908 4638
2909 6615 6212
2913 4899 5520
2914 6464 2885
2917 5985
2919 5649 4669
2922 3372 253
2923 325 5469
2925 494
2931 3693 5799
2932 4201
2934 6731 2419
2936 2426 148
2939 2301 4022
2941 2862 5563
2946 3040 6640
2949 3877 4115
2950 5776 1847
2965 3505 1857
2970 358
2977 1851 2011
2981 4625 6851
2983 4478 4601
2985 5807 7119
2987 3388 6254
2988 4891 5334
2990 5457 6998
2991 1755 1145
2992 5814 344
2998 3340 1930
3000 3897 4377
3001 4959 6897
3004 5546 169
3006 6098 343
3007 2722 4407
3011 4918 3373
3013 1687
3014 529 5766
3017 4884 919
3023 836 5277
3027 583 1787
3028 1879 206
3029 3814 6803
3033 3775 7122
3036 1847 1518
3037 6059 5833
3040 3839 2946
3042 35 6623
3045 57 5100
3049 313
3050 5965 448
3054 5856 195
3058 106 4556
3062 2428
3069 5305 5875
3070 4987 3791
3071 4944 4414
3075 609 6940
3076 2196 2463
3077 1761 4427
3082 806 4305
3086 5374
3088 6282
3089 5187 829
3090 1239 4815
3091 6004 374
3096 6247 3809
3099 1605 2772
3106 3379 722
3107 7422 1840
3108 1950 7197
3109 194 6440
3112 5525 5460
3115 2227 529
3116 2262 3807
3118 4215
3123 7090 781
3124 186 6498
3125 2475 3189
3129 1133 569
3131 6595 1083
3136 601 897
3138 3701 6567
3139 5646 2622
3142 4548 3347
3143 64 1403
3144 7271
3145 6898 6641
3146 5523
3151 2328 1491
3152 6456 7461
3154 72 1093
3156 124 6433
3157 1168 6717
3158 6776 6234
3165 2163 6405
3172 5453 1438
3173 1414 1320
3174 2429
3176 1541 4478
3179 3583 3878
3181 2866 6954
3183 4960 4944
3184 6203 6740
3186 3389
3187 850 6856
3188 4628 6931
3189 3125 4365
3190 7198 6899
3191 829 4133
3192 4148 6054
3194 429 3609
3195 7334 5991
3197 5280 1077
3198 4676 2453
3202 3777
3203 6950 2473
3209 7051 2268
3212 2623 1373
3214 5855 850
3217 2121 3769
3218 866 1250
3219 7458 2050
3222 659 4835
3224 5927 4766
3231 3684 5163
3234 439 603
3241 3853 4789
3245 5715 5232
3250 6777 2094
3253 4754 1499
3259 4687 42
3261 2390 997
3262 7001 6501
3264 4022 1792
3267 5367 5286
3268 3780 4544
3272 3655 6729
3273 2097 5626
3275 5153 1305
3276 489 2337
3278 3745 5272
3279 6022 6675
3282 6313 2309
3285 6840 1023
3286 5991 6109
3291 4023 6699
3296 6407 4362
3300 5712 1094
3301 3605 161
3302 4383 804
3304 1071 6300
3305 904 2202
3310 2216 2812
3318 6759 533
3322 6555 1194
3323 942 2161
3327 6940 1826
3328 7064 1883
3338 1859 4708
3340 853 2998
3345 1128 3462
3347 3142 601
3348 7417 1581
3350 7343
3351 854 4048
3354 1109 3594
3361 871 5123
3362 1518 4671
3363 2217 5776
3365 6012 1329
3366 2844 3553
3367 7016 2690
3372 3919 2922
3373 3011 4529
3374 5150 1185
3376 5550 5597
3378 857
3379 5536 3106
3383 4445 547
3384 6099 6839
3387 5836 925
3388 6461 2987
3389 6839 3186
3392 1028 3717
3399 969
3402 1167 6364
3403 4402 7284
3405 2136 314
3407 1222 6879
3409 1522 628
3411 5304 2120
3412 5650 4574
3413 547 6821
3414 7186 523
3415 6933 4784
3419 4615 658
3422 379 6737
3424 6188 7186
3427 1730 6668
3428 128 5268
3429 6713 6512
3431 872 255
3432 1887
3436 6336 470
3446 2204 2222
3447 6698 5262
3449 4079 2089
3450 3469 940
3453 1808
3458 2561 64
3462 3345 2448
3465 7135
3468 7367
3469 4419 3450
